1999 1976 1977 wedge 1081
1999 1978 1987 wedge 1937
1999 1964 1988 wedge 543
1999 1994 1996 wedge 19208
1999 1980 1997 wedge 1378
1999 1969 1977 wedge 440
1999 1985 1986 wedge 2347
1999 1971 1987 wedge 1187
1999 1987 1996 wedge 5353
1999 1973 1997 wedge 831
1999 1978 1986 wedge 1600
1999 1964 1987 wedge 375
1999 1994 1995 wedge 20080
1999 1980 1996 wedge 2181
1999 1966 1997 wedge 378
1999 1969 1976 wedge 434
1999 1971 1986 wedge 965
1999 1987 1995 wedge 5688
1999 1973 1996 wedge 1372
1999 1964 1966 wedge 168
1999 1978 1985 wedge 1384
1999 1964 1986 wedge 306
1999 1980 1995 wedge 2481
1999 1966 1996 wedge 609
1999 1969 1975 wedge 384
1992 1999 1999 wedge 6785
1999 1967 1987 wedge 681
1999 1987 1994 wedge 6431
1999 1973 1995 wedge 1525
1999 1978 1984 wedge 1331
1999 1964 1985 wedge 250
1999 1980 1994 wedge 2812
1999 1966 1995 wedge 700
1999 1969 1974 wedge 437
1999 1971 1984 wedge 706
1999 1973 1994 wedge 1809
1999 1964 1967 wedge 128
1999 1978 1983 wedge 1234
1999 1964 1984 wedge 275
1999 1980 1993 wedge 2472
1999 1966 1994 wedge 871
1999 1969 1973 wedge 393
1999 1971 1983 wedge 746
1973 1999 1999 wedge 531
1999 1973 1993 wedge 1572
1999 1978 1982 wedge 1100
1999 1964 1983 wedge 250
1999 1980 1992 wedge 2434
1999 1966 1993 wedge 934
1999 1969 1972 wedge 425
1999 1971 1982 wedge 740
1999 1987 1991 wedge 6428
1999 1973 1992 wedge 1556
1995 1999 1999 wedge 11216
1999 1978 1981 wedge 1515
1999 1964 1982 wedge 209
1999 1980 1991 wedge 2669
1999 1966 1992 wedge 915
1999 1969 1971 wedge 359
1999 1971 1981 wedge 1093
1999 1987 1990 wedge 5706
1999 1973 1991 wedge 1790
1999 1978 1980 wedge 1190
1999 1964 1981 wedge 346
1999 1980 1990 wedge 2478
1999 1966 1991 wedge 921
1999 1996 1999 wedge 1625
1999 1969 1970 wedge 265
1999 1971 1980 wedge 718
1999 1965 1982 wedge 300
1999 1973 1990 wedge 1534
1999 1989 1999 wedge 506
1999 1963 1964 wedge 100
1999 1978 1979 wedge 715
1999 1964 1980 wedge 196
1999 1980 1989 wedge 2456
1999 1966 1990 wedge 853
1999 1996 1998 wedge 10419
1999 1982 1999 wedge 153
1999 1967 1993 wedge 828
1999 1987 1988 wedge 5247
1999 1973 1989 wedge 1656
1999 1989 1998 wedge 3194
1999 1975 1999 wedge 93
1999 1964 1979 wedge 150
1999 1980 1988 wedge 2184
1999 1966 1989 wedge 859
1999 1996 1997 wedge 16110
1999 1982 1998 wedge 956
1998 1999 1999 wedge 7781
1999 1971 1978 wedge 696
1999 1973 1988 wedge 1397
1999 1989 1997 wedge 5247
1999 1975 1998 wedge 596
1999 1964 1978 wedge 206
1999 1980 1987 wedge 1900
1999 1966 1988 wedge 765
1999 1982 1997 wedge 1484
1999 1968 1998 wedge 212
1999 1971 1977 wedge 653
1999 1973 1987 wedge 1268
1999 1989 1996 wedge 7978
1999 1975 1997 wedge 978
1999 1964 1977 wedge 262
1999 1980 1986 wedge 1562
1999 1966 1987 wedge 637
1999 1982 1996 wedge 2293
1999 1968 1997 wedge 337
1999 1971 1976 wedge 662
1999 1973 1986 wedge 1000
1999 1989 1995 wedge 8628
1999 1975 1996 wedge 1809
1999 1964 1976 wedge 215
1999 1980 1985 wedge 1347
1999 1966 1986 wedge 506
1999 1982 1995 wedge 2728
1999 1968 1996 wedge 593
1999 1971 1975 wedge 653
1999 1973 1985 wedge 846
1999 1989 1994 wedge 9579
1999 1975 1995 wedge 2000
1999 1964 1975 wedge 237
1999 1980 1984 wedge 1412
1999 1966 1985 wedge 434
1999 1982 1994 wedge 3156
1999 1968 1995 wedge 665
1999 1967 1998 wedge 190
1999 1965 1988 wedge 575
1999 1973 1984 wedge 862
1999 1989 1993 wedge 9379
1999 1975 1994 wedge 2287
1999 1964 1974 wedge 240
1999 1980 1983 wedge 1287
1999 1966 1984 wedge 440
1999 1982 1993 wedge 2937
1999 1968 1994 wedge 859
1999 1971 1973 wedge 518
1999 1973 1983 wedge 778
1999 1989 1992 wedge 8944
1999 1975 1993 wedge 2203
1999 1964 1973 wedge 187
1999 1980 1982 wedge 1250
1999 1966 1983 wedge 403
1999 1982 1992 wedge 2765
1999 1968 1993 wedge 746
1999 1971 1972 wedge 734
1999 1973 1982 wedge 690
1999 1989 1991 wedge 9153
1999 1975 1992 wedge 2065
1999 1964 1972 wedge 237
1999 1980 1981 wedge 1606
1999 1966 1982 wedge 371
1999 1982 1991 wedge 2797
1999 1968 1992 wedge 750
1999 1973 1981 wedge 762
1999 1987 1989 wedge 5769
1999 1989 1990 wedge 8394
1999 1975 1991 wedge 2212
1999 1964 1971 wedge 231
1963 1999 1999 wedge 59
1999 1982 1990 wedge 2537
1999 1968 1991 wedge 765
1999 1998 1999 wedge 2665
1991 1999 1999 wedge 6538
1999 1973 1980 wedge 746
1999 1975 1990 wedge 1990
1999 1991 1999 wedge 575
1999 1964 1970 wedge 118
1999 1966 1980 wedge 337
1999 1982 1989 wedge 2325
1999 1968 1990 wedge 700
1985 1999 1999 wedge 1246
1999 1984 1999 wedge 190
1999 1973 1979 wedge 490
1999 1975 1989 wedge 1978
1999 1991 1998 wedge 4262
1999 1977 1999 wedge 131
1999 1964 1969 wedge 168
1999 1966 1979 wedge 278
1999 1982 1988 wedge 2228
1999 1968 1989 wedge 659
1999 1984 1998 wedge 1353
1999 1970 1999 wedge 15
1999 1973 1978 wedge 746
1999 1975 1988 wedge 1697
1999 1991 1997 wedge 6228
1999 1977 1998 wedge 893
1999 1964 1968 wedge 134
1999 1966 1978 wedge 387
1999 1982 1987 wedge 1893
1999 1968 1988 wedge 637
1999 1984 1997 wedge 2178
1999 1970 1998 wedge 275
1999 1973 1977 wedge 850
1974 1999 1999 wedge 512
1999 1975 1987 wedge 1525
1999 1991 1996 wedge 10313
1999 1977 1997 wedge 1331
1999 1963 1998 wedge 146
1999 1966 1977 wedge 387
1999 1982 1986 wedge 1553
1999 1968 1987 wedge 512
1999 1984 1996 wedge 3125
1999 1970 1997 wedge 434
1999 1973 1976 wedge 728
1999 1975 1986 wedge 1203
1999 1991 1995 wedge 10822
1999 1977 1996 wedge 1893
1999 1963 1997 wedge 196
1999 1965 1976 wedge 421
1999 1966 1976 wedge 356
1999 1982 1985 wedge 1393
1999 1968 1986 wedge 475
1999 1984 1995 wedge 3519
1999 1970 1996 wedge 743
1999 1973 1975 wedge 690
1999 1975 1985 wedge 1162
1999 1991 1994 wedge 12338
1999 1977 1995 wedge 2243
1999 1963 1996 wedge 362
1999 1966 1975 wedge 321
1999 1982 1984 wedge 1431
1999 1968 1985 wedge 365
1999 1984 1994 wedge 3984
1999 1970 1995 wedge 818
1999 1973 1974 wedge 778
1999 1975 1984 wedge 856
1999 1991 1993 wedge 11788
1999 1977 1994 wedge 2487
1999 1963 1995 wedge 456
1999 1966 1974 wedge 356
1999 1982 1983 wedge 1296
1999 1968 1984 wedge 387
1999 1977 1987 wedge 1922
1999 1984 1993 wedge 3884
1999 1970 1994 wedge 1034
1999 1965 1999 wedge 40
1999 1975 1983 wedge 996
1999 1991 1992 wedge 11304
1999 1977 1993 wedge 2300
1999 1963 1994 wedge 506
1999 1966 1973 wedge 318
1999 1968 1983 wedge 375
1999 1977 1988 wedge 1925
1999 1984 1992 wedge 3597
1999 1970 1993 wedge 950
1999 1975 1982 wedge 862
1999 1977 1992 wedge 2200
1999 1963 1993 wedge 546
1999 1966 1972 wedge 387
1999 1968 1982 wedge 375
1999 1984 1991 wedge 3684
1999 1970 1992 wedge 975
1999 1975 1981 wedge 1325
1999 1977 1991 wedge 2359
1999 1963 1992 wedge 481
1999 1966 1971 wedge 365
1999 1968 1981 wedge 459
1999 1984 1990 wedge 3319
1999 1970 1991 wedge 1121
1999 1968 1999 wedge 71
1999 1975 1980 wedge 1028
1999 1977 1990 wedge 2268
1999 1963 1991 wedge 575
1999 1993 1999 wedge 793
1999 1966 1970 wedge 259
1999 1968 1980 wedge 421
1968 1999 1999 wedge 156
1999 1984 1989 wedge 3222
1999 1970 1990 wedge 943
1999 1986 1999 wedge 237
1994 1999 1999 wedge 11669
1999 1975 1979 wedge 587
1999 1977 1989 wedge 2178
1999 1963 1990 wedge 453
1999 1993 1998 wedge 5672
1999 1979 1999 wedge 93
1999 1966 1969 wedge 271
1999 1968 1979 wedge 212
1999 1984 1988 wedge 3094
1999 1970 1989 wedge 1012
1999 1986 1998 wedge 1568
1999 1972 1999 wedge 71
1999 1975 1978 wedge 1003
1999 1963 1989 wedge 490
1999 1993 1997 wedge 8728
1999 1979 1998 wedge 571
1999 1966 1968 wedge 184
1999 1968 1978 wedge 437
1999 1984 1987 wedge 2684
1999 1970 1988 wedge 1000
1999 1986 1997 wedge 2581
1999 1972 1998 wedge 484
1999 1975 1977 wedge 981
1999 1963 1988 wedge 418
1999 1993 1996 wedge 15220
1999 1979 1997 wedge 946
1999 1965 1998 wedge 209
1999 1968 1977 wedge 296
1999 1984 1986 wedge 2134
1999 1970 1987 wedge 784
1999 1964 1965 wedge 93
1999 1986 1996 wedge 3984
1999 1972 1997 wedge 918
1999 1975 1976 wedge 946
1999 1977 1986 wedge 1325
1999 1963 1987 wedge 406
1999 1993 1995 wedge 15585
1999 1979 1996 wedge 1428
1997 1999 1999 wedge 7569
1999 1968 1976 wedge 350
1999 1984 1985 wedge 1928
1999 1970 1986 wedge 612
1999 1986 1995 wedge 4394
1999 1972 1996 wedge 1334
1999 1977 1985 wedge 1168
1999 1963 1986 wedge 296
1999 1993 1994 wedge 17110
1999 1979 1995 wedge 1684
1999 1965 1996 wedge 456
1999 1968 1975 wedge 346
1999 1970 1985 wedge 575
1999 1986 1994 wedge 5022
1999 1972 1995 wedge 1609
1999 1977 1984 wedge 1203
1999 1963 1985 wedge 259
1999 1979 1994 wedge 1837
1999 1965 1995 wedge 621
1964 1999 1999 wedge 90
1999 1968 1974 wedge 300
1999 1970 1984 wedge 543
1999 1986 1993 wedge 4572
1999 1972 1994 wedge 1856
1999 1977 1983 wedge 1125
1999 1963 1984 wedge 309
1965 1999 1999 wedge 115
1999 1979 1993 wedge 1615
1999 1965 1994 wedge 671
1999 1968 1973 wedge 309
1999 1970 1983 wedge 537
1999 1986 1992 wedge 4737
1999 1972 1993 wedge 1878
1999 1977 1982 wedge 1146
1999 1963 1983 wedge 218
1999 1979 1992 wedge 1543
1999 1965 1993 wedge 568
1999 1968 1972 wedge 343
1999 1970 1982 wedge 428
1999 1986 1991 wedge 4662
1999 1972 1992 wedge 1687
1967 1999 1999 wedge 137
1999 1977 1981 wedge 1372
1999 1963 1982 wedge 187
1999 1979 1991 wedge 1543
1999 1965 1992 wedge 740
1999 1968 1971 wedge 356
1999 1970 1981 wedge 596
1999 1966 1981 wedge 553
1999 1986 1990 wedge 4453
1999 1972 1991 wedge 1872
1999 1977 1980 wedge 1112
1999 1963 1981 wedge 309
1999 1979 1990 wedge 1450
1999 1965 1991 wedge 740
1999 1995 1999 wedge 1200
1999 1968 1970 wedge 231
1999 1970 1980 wedge 471
1969 1999 1999 wedge 171
1999 1986 1989 wedge 4091
1999 1972 1990 wedge 1643
1999 1988 1999 wedge 353
1999 1977 1979 wedge 668
1999 1963 1980 wedge 234
1999 1979 1989 wedge 1425
1999 1965 1990 wedge 643
1999 1995 1998 wedge 8144
1999 1981 1999 wedge 134
1999 1968 1969 wedge 253
1970 1999 1999 wedge 168
1999 1970 1979 wedge 275
1999 1986 1988 wedge 3762
1999 1972 1989 wedge 1834
1999 1988 1998 wedge 2631
1999 1974 1999 wedge 65
1999 1977 1978 wedge 1053
1999 1963 1979 wedge 118
1999 1979 1988 wedge 1378
1999 1965 1989 wedge 696
1971 1999 1999 wedge 393
1999 1981 1998 wedge 859
1999 1967 1999 wedge 40
1999 1970 1978 wedge 434
1999 1986 1987 wedge 3394
1999 1972 1988 wedge 1540
1999 1988 1997 wedge 3897
1999 1974 1998 wedge 546
1999 1963 1978 wedge 237
1999 1979 1987 wedge 1259
1972 1999 1999 wedge 500
1999 1995 1996 wedge 20970
1999 1981 1997 wedge 1325
1999 1971 1985 wedge 850
1999 1971 1974 wedge 646
1999 1970 1977 wedge 465
1999 1972 1987 wedge 1275
1999 1988 1996 wedge 6284
1999 1974 1997 wedge 1025
1999 1963 1977 wedge 268
1999 1979 1986 wedge 896
1999 1965 1987 wedge 565
1999 1981 1996 wedge 2431
1999 1967 1997 wedge 359
1999 1970 1976 wedge 431
1999 1972 1986 wedge 1137
1999 1988 1995 wedge 6566
1999 1974 1996 wedge 1743
1999 1963 1976 wedge 256
1999 1979 1985 wedge 893
1999 1965 1986 wedge 409
1999 1981 1995 wedge 2834
1999 1967 1996 wedge 715
1999 1970 1975 wedge 425
1999 1972 1985 wedge 890
1975 1999 1999 wedge 584
1999 1988 1994 wedge 7638
1999 1974 1995 wedge 1962
1999 1963 1975 wedge 253
1999 1979 1984 wedge 912
1999 1965 1985 wedge 359
1999 1981 1994 wedge 3347
1999 1967 1995 wedge 734
1999 1970 1974 wedge 412
1976 1999 1999 wedge 771
1999 1972 1984 wedge 1003
1987 1999 1999 wedge 2644
1999 1974 1994 wedge 2047
1999 1963 1974 wedge 240
1999 1979 1983 wedge 718
1999 1965 1984 wedge 375
1999 1981 1993 wedge 3512
1999 1967 1994 wedge 865
1977 1999 1999 wedge 725
1999 1970 1973 wedge 403
1999 1966 1998 wedge 187
1999 1972 1983 wedge 912
1999 1988 1992 wedge 7494
1999 1974 1993 wedge 1943
1999 1963 1973 wedge 237
1999 1979 1982 wedge 750
1999 1965 1983 wedge 334
1999 1981 1992 wedge 3615
1978 1999 1999 wedge 675
1999 1971 1979 wedge 475
1999 1970 1972 wedge 453
1999 1972 1982 wedge 915
1999 1988 1991 wedge 7310
1999 1974 1992 wedge 1909
1999 1963 1972 wedge 206
1999 1979 1981 wedge 981
1979 1999 1999 wedge 296
1999 1981 1991 wedge 3447
1999 1967 1992 wedge 959
1999 1970 1971 wedge 434
1999 1972 1981 wedge 1359
1999 1988 1990 wedge 6878
1999 1974 1991 wedge 2178
1999 1963 1971 wedge 175
1999 1979 1980 wedge 812
1999 1965 1981 wedge 371
1999 1981 1990 wedge 2972
1999 1967 1991 wedge 893
1999 1997 1999 wedge 1725
1999 1972 1980 wedge 900
1999 1988 1989 wedge 7116
1999 1974 1990 wedge 1775
1981 1999 1999 wedge 1303
1999 1990 1999 wedge 515
1999 1963 1970 wedge 146
1999 1965 1980 wedge 409
1999 1981 1989 wedge 2975
1999 1967 1990 wedge 909
1999 1997 1998 wedge 10660
1999 1983 1999 wedge 140
1996 1976 1996 wedge 3
1999 1972 1979 wedge 525
1982 1999 1999 wedge 825
1999 1974 1989 wedge 1881
1999 1990 1998 wedge 3450
1999 1976 1999 wedge 134
1999 1963 1969 wedge 128
1999 1965 1979 wedge 231
1999 1981 1988 wedge 3053
1999 1967 1989 wedge 890
1999 1983 1998 wedge 881
1999 1969 1999 wedge 28
1983 1999 1999 wedge 718
1999 1972 1978 wedge 884
1999 1974 1988 wedge 1540
1999 1990 1997 wedge 5344
1999 1976 1998 wedge 637
1999 1963 1968 wedge 125
1999 1965 1978 wedge 381
1999 1987 1992 wedge 6244
1999 1981 1987 wedge 2390
1999 1967 1988 wedge 781
1999 1983 1997 wedge 1562
1999 1969 1998 wedge 203
1999 1972 1977 wedge 900
1993 1999 1999 wedge 8722
1999 1974 1987 wedge 1453
1999 1990 1996 wedge 9119
1999 1976 1997 wedge 1331
1999 1963 1967 wedge 137
1999 1965 1977 wedge 343
1999 1981 1986 wedge 1978
1999 1983 1996 wedge 2422
1999 1969 1997 wedge 471
1999 1972 1976 wedge 765
1999 1974 1986 wedge 1137
1999 1990 1995 wedge 9366
1999 1976 1996 wedge 2047
1999 1963 1966 wedge 103
1999 1981 1985 wedge 1753
1999 1967 1986 wedge 603
1999 1983 1995 wedge 2919
1999 1969 1996 wedge 584
1999 1972 1975 wedge 762
1999 1965 1997 wedge 318
1999 1974 1985 wedge 1012
1999 1990 1994 wedge 10932
1999 1976 1995 wedge 2172
1999 1963 1965 wedge 87
1999 1965 1975 wedge 300
1999 1981 1984 wedge 1765
1999 1967 1985 wedge 543
1999 1983 1994 wedge 3081
1999 1969 1995 wedge 862
1999 1972 1974 wedge 753
1999 1974 1984 wedge 990
1988 1999 1999 wedge 4016
1999 1990 1993 wedge 10107
1999 1976 1994 wedge 2603
1996 1999 1999 wedge 15176
1999 1965 1974 wedge 293
1999 1981 1983 wedge 1737
1999 1967 1984 wedge 425
1999 1983 1993 wedge 3369
1999 1969 1994 wedge 975
1999 1966 1999 wedge 37
1999 1972 1973 wedge 706
1999 1966 1967 wedge 281
1999 1974 1983 wedge 865
1999 1990 1992 wedge 9694
1999 1976 1993 wedge 2297
1999 1965 1973 wedge 362
1999 1981 1982 wedge 1831
1999 1967 1983 wedge 425
1999 1983 1992 wedge 2987
1999 1969 1993 wedge 853
1990 1999 1999 wedge 5087
1999 1974 1982 wedge 875
1999 1990 1991 wedge 10047
1999 1965 1972 wedge 262
1999 1967 1982 wedge 412
1999 1983 1991 wedge 3084
1999 1969 1992 wedge 790
1999 1974 1981 wedge 1059
1999 1976 1991 wedge 2497
1999 1965 1971 wedge 234
1999 1967 1981 wedge 571
1999 1983 1990 wedge 2747
1999 1969 1991 wedge 946
1999 1999 1999 wedge 609
1999 1974 1980 wedge 937
1999 1992 1999 wedge 628
1999 1965 1970 wedge 206
1999 1967 1980 wedge 481
1999 1983 1989 wedge 2850
1999 1969 1990 wedge 840
1999 1985 1999 wedge 150
1999 1974 1979 wedge 559
1999 1976 1989 wedge 2275
1999 1992 1998 wedge 4700
1999 1978 1999 wedge 150
1999 1965 1969 wedge 200
1999 1967 1979 wedge 253
1999 1983 1988 wedge 2669
1999 1969 1989 wedge 981
1999 1985 1998 wedge 1406
1999 1971 1999 wedge 68
1980 1999 1999 wedge 840
1999 1974 1978 wedge 815
1999 1976 1988 wedge 1890
1999 1992 1997 wedge 7288
1999 1978 1998 wedge 771
1999 1965 1968 wedge 156
1999 1967 1978 wedge 409
1999 1983 1987 wedge 2278
1999 1969 1988 wedge 728
1999 1985 1997 wedge 2297
1984 1999 1999 wedge 1137
1999 1964 1996 wedge 478
1999 1974 1977 wedge 893
1999 1976 1987 wedge 1700
1999 1992 1996 wedge 11957
1999 1978 1997 wedge 1293
1999 1965 1967 wedge 206
1999 1967 1977 wedge 393
1999 1983 1986 wedge 1728
1999 1969 1987 wedge 728
1999 1985 1996 wedge 3600
1999 1971 1997 wedge 856
1999 1974 1976 wedge 971
1999 1992 1995 wedge 12229
1999 1978 1996 wedge 2103
1999 1967 1976 wedge 459
1999 1963 1999 wedge 15
1999 1965 1966 wedge 225
1999 1983 1985 wedge 1687
1999 1969 1986 wedge 537
1999 1985 1995 wedge 3975
1999 1971 1996 wedge 1325
1999 1978 1988 wedge 2056
1999 1974 1975 wedge 806
1999 1964 1997 wedge 190
1999 1976 1985 wedge 1296
1999 1987 1993 wedge 6660
1999 1988 1993 wedge 7647
1999 1992 1994 wedge 14488
1999 1978 1995 wedge 2422
1999 1995 1997 wedge 12529
1999 1967 1975 wedge 406
1999 1983 1984 wedge 1615
1999 1969 1985 wedge 521
1999 1976 1986 wedge 1384
1999 1985 1994 wedge 4162
1999 1971 1995 wedge 1403
1999 1976 1984 wedge 1228
1999 1992 1993 wedge 13354
1999 1978 1994 wedge 2869
1999 1964 1995 wedge 500
1999 1967 1974 wedge 437
1999 1969 1984 wedge 418
1999 1971 1998 wedge 412
1999 1985 1993 wedge 4050
1999 1971 1994 wedge 1756
1999 1964 1999 wedge 12
1999 1964 1998 wedge 143
1999 1976 1983 wedge 1109
1999 1978 1993 wedge 2459
1999 1964 1994 wedge 606
1999 1967 1973 wedge 334
1999 1969 1983 wedge 440
1999 1985 1992 wedge 3747
1999 1971 1993 wedge 1834
1966 1999 1999 wedge 137
1999 1976 1982 wedge 1059
1999 1978 1992 wedge 2384
1999 1964 1993 wedge 625
1999 1967 1972 wedge 428
1999 1969 1982 wedge 409
1999 1985 1991 wedge 4191
1999 1971 1992 wedge 1700
1986 1999 1999 wedge 1515
1999 1976 1981 wedge 1187
1999 1978 1991 wedge 2459
1999 1964 1992 wedge 528
1999 1967 1971 wedge 393
1999 1969 1981 wedge 553
1999 1976 1990 wedge 2287
1999 1985 1990 wedge 3753
1999 1971 1991 wedge 1700
1999 1976 1980 wedge 1318
1999 1978 1990 wedge 2365
1999 1964 1991 wedge 540
1999 1994 1999 wedge 1165
1999 1967 1970 wedge 256
1999 1969 1980 wedge 431
1999 1985 1989 wedge 3812
1999 1971 1990 wedge 1462
1999 1987 1999 wedge 290
1999 1976 1979 wedge 678
1999 1978 1989 wedge 2318
1999 1964 1990 wedge 503
1999 1994 1998 wedge 6509
1999 1980 1999 wedge 118
1999 1967 1969 wedge 281
1999 1969 1979 wedge 293
1999 1976 1992 wedge 2184
1999 1985 1988 wedge 3219
1999 1971 1989 wedge 1597
1999 1987 1998 wedge 2197
1999 1973 1999 wedge 100
1999 1976 1978 wedge 1096
1989 1999 1999 wedge 4597
1999 1964 1989 wedge 446
1999 1994 1997 wedge 10741
1999 1980 1998 wedge 781
1999 1967 1968 wedge 259
1999 1969 1978 wedge 365
1999 1985 1987 wedge 3003
1999 1971 1988 wedge 1206
1999 1987 1997 wedge 3565
1999 1973 1998 wedge 500
